<?xml version="1.0" encoding="UTF-8"?>
<!-- Generated by org.testng.reporters.JUnitXMLReporter -->
<testsuite hostname="matiurs-MacBook-Pro.local" ignored="0" name="Pnt Forum" tests="1" failures="1" timestamp="2019-09-29T11:22:26 EDT" time="19.13" errors="0">
  <testcase name="testKeyWord" time="7.997" classname="authentication.TestKeyword">
    <failure type="java.io.FileNotFoundException" message="/Users/mrahman/develop/pnt/WebAutomationJuly2019/data/file2.xls (No such file or directory)">
      <![CDATA[java.io.FileNotFoundException: /Users/mrahman/develop/pnt/WebAutomationJuly2019/data/file2.xls (No such file or directory)
at java.io.FileInputStream.open0(Native Method)
at java.io.FileInputStream.open(FileInputStream.java:195)
at java.io.FileInputStream.<init>(FileInputStream.java:138)
at utility.DataReader.fileReader2(DataReader.java:46)
at keyword.ItemsToBeSearched.getDataFromExcelFileForFeaturesChoice(ItemsToBeSearched.java:18)
at keyword.Features.selectFeatures(Features.java:55)
at authentication.TestKeyword.testKeyWord(TestKeyword.java:15)
at java.util.ArrayList.forEach(ArrayList.java:1249)
... Removed 27 stack frames]]>
    </failure>
  </testcase> <!-- testKeyWord -->
</testsuite> <!-- Pnt Forum -->
