<?xml version="1.0" encoding="UTF-8"?>
<testng-results ignored="0" total="3" passed="3" failed="0" skipped="0">
  <reporter-output>
  </reporter-output>
  <suite started-at="2019-10-06T10:46:30 EDT" name="Employee REst API Automation Script " finished-at="2019-10-06T10:46:32 EDT" duration-ms="2562">
    <groups>
    </groups>
    <test started-at="2019-10-06T10:46:30 EDT" name="Employee Information Services" finished-at="2019-10-06T10:46:32 EDT" duration-ms="2562">
      <class name="AllEmployeeAPI">
        <test-method signature="badCallAllEmployeeResources()[pri:0, instance:AllEmployeeAPI@3b0090a4]" started-at="2019-10-06T10:46:32 EDT" name="badCallAllEmployeeResources" finished-at="2019-10-06T10:46:32 EDT" duration-ms="196" status="PASS">
          <reporter-output>
          </reporter-output>
        </test-method> <!-- badCallAllEmployeeResources -->
        <test-method signature="callAllEmployeeResources()[pri:0, instance:AllEmployeeAPI@3b0090a4]" started-at="2019-10-06T10:46:32 EDT" name="callAllEmployeeResources" finished-at="2019-10-06T10:46:32 EDT" duration-ms="233" status="PASS">
          <reporter-output>
          </reporter-output>
        </test-method> <!-- callAllEmployeeResources -->
      </class> <!-- AllEmployeeAPI -->
      <class name="SingleEmployeeAPI">
        <test-method signature="callSingleEmployeeResources()[pri:0, instance:SingleEmployeeAPI@179ece50]" started-at="2019-10-06T10:46:30 EDT" name="callSingleEmployeeResources" finished-at="2019-10-06T10:46:32 EDT" duration-ms="2088" status="PASS">
          <reporter-output>
          </reporter-output>
        </test-method> <!-- callSingleEmployeeResources -->
      </class> <!-- SingleEmployeeAPI -->
    </test> <!-- Employee Information Services -->
  </suite> <!-- Employee REst API Automation Script  -->
</testng-results>
