<?xml version="1.0" encoding="UTF-8"?>
<testsuite xmlns:xsi="http://www.w3.org/2001/XMLSchema-instance" xsi:noNamespaceSchemaLocation="https://maven.apache.org/surefire/maven-surefire-plugin/xsd/surefire-test-report-3.0.xsd" version="3.0" name="TestSuite" time="3.35" tests="3" errors="0" skipped="0" failures="0">
  <properties>
[...]
</properties>
  <testcase name="callSingleEmployeeResources" classname="SingleEmployeeAPI" time="2.089"/>
  <testcase name="badCallAllEmployeeResources" classname="AllEmployeeAPI" time="0.196"/>
  <testcase name="callAllEmployeeResources" classname="AllEmployeeAPI" time="0.257"/>
</testsuite>