<?xml version="1.0" encoding="UTF-8"?>
<!-- Generated by org.testng.reporters.JUnitXMLReporter -->
<testsuite ignored="0" hostname="matiurs-MacBook-Pro.local" failures="0" tests="3" name="Employee Information Services" time="2.562" errors="0" timestamp="2019-10-06T10:46:32 EDT">
  <testcase classname="SingleEmployeeAPI" name="callSingleEmployeeResources" time="2.088"/>
  <testcase classname="AllEmployeeAPI" name="badCallAllEmployeeResources" time="0.196"/>
  <testcase classname="AllEmployeeAPI" name="callAllEmployeeResources" time="0.233"/>
</testsuite> <!-- Employee Information Services -->
