<?xml version="1.0" encoding="UTF-8"?>
<testng-results skipped="0" failed="0" ignored="0" total="1" passed="1">
  <reporter-output>
  </reporter-output>
  <suite name="Amazon Automation Script " duration-ms="32973" started-at="2019-09-28T12:33:12 EDT" finished-at="2019-09-28T12:33:45 EDT">
    <groups>
    </groups>
    <test name="Amazon Home" duration-ms="32973" started-at="2019-09-28T12:33:12 EDT" finished-at="2019-09-28T12:33:45 EDT">
      <class name="dropdown.TestDropDown">
        <test-method status="PASS" signature="setUp(boolean, java.lang.String, java.lang.String, java.lang.String, java.lang.String, java.lang.String, java.lang.String)[pri:0, instance:dropdown.TestDropDown@1753acfe]" name="setUp" is-config="true" duration-ms="23466" started-at="2019-09-28T12:33:12 EDT" finished-at="2019-09-28T12:33:36 EDT">
          <params>
            <param index="0">
              <value>
                <![CDATA[false]]>
              </value>
            </param>
            <param index="1">
              <value>
                <![CDATA[browserstack]]>
              </value>
            </param>
            <param index="2">
              <value>
                <![CDATA[OS X]]>
              </value>
            </param>
            <param index="3">
              <value>
                <![CDATA[Sierra]]>
              </value>
            </param>
            <param index="4">
              <value>
                <![CDATA[firefox]]>
              </value>
            </param>
            <param index="5">
              <value>
                <![CDATA[60.0]]>
              </value>
            </param>
            <param index="6">
              <value>
                <![CDATA[https://www.amazon.com]]>
              </value>
            </param>
          </params>
          <reporter-output>
          </reporter-output>
        </test-method> <!-- setUp -->
        <test-method status="PASS" signature="dropDownData()[pri:0, instance:dropdown.TestDropDown@1753acfe]" name="dropDownData" duration-ms="6597" started-at="2019-09-28T12:33:36 EDT" finished-at="2019-09-28T12:33:42 EDT">
          <reporter-output>
          </reporter-output>
        </test-method> <!-- dropDownData -->
        <test-method status="PASS" signature="cleanUp()[pri:0, instance:dropdown.TestDropDown@1753acfe]" name="cleanUp" is-config="true" duration-ms="2872" started-at="2019-09-28T12:33:42 EDT" finished-at="2019-09-28T12:33:45 EDT">
          <reporter-output>
          </reporter-output>
        </test-method> <!-- cleanUp -->
      </class> <!-- dropdown.TestDropDown -->
    </test> <!-- Amazon Home -->
  </suite> <!-- Amazon Automation Script  -->
</testng-results>
