<?xml version="1.0" encoding="UTF-8"?>
<!-- Generated by org.testng.reporters.JUnitXMLReporter -->
<testsuite hostname="PeopleNTechs-iMac.local" ignored="0" name="Command line test" tests="1" failures="0" timestamp="2019-09-21T10:01:12 EDT" time="0.04" errors="0">
  <testcase name="@BeforeMethod setUp" time="-1.569074472842E9" classname="common.CommonAPI">
    <failure type="org.testng.TestNGException" message="
Parameter &amp;apos;url&amp;apos; is required by BeforeMethod on method setUp but has not been marked @Optional or defined
">
      <![CDATA[org.testng.TestNGException: 
Parameter 'url' is required by BeforeMethod on method setUp but has not been marked @Optional or defined

at java.util.ArrayList.forEach(ArrayList.java:1255)
... Removed 37 stack frames]]>
    </failure>
  </testcase> <!-- @BeforeMethod setUp -->
  <testcase name="@AfterMethod cleanUp" time="-1.569074472855E9" classname="common.CommonAPI">
    <skipped/>
  </testcase> <!-- @AfterMethod cleanUp -->
  <testcase name="test1" time="0.0" classname="home.TestNews">
    <skipped/>
  </testcase> <!-- test1 -->
</testsuite> <!-- Command line test -->
