<?xml version="1.0" encoding="UTF-8"?>
<testng-results skipped="0" failed="0" ignored="0" total="1" passed="1">
  <reporter-output>
  </reporter-output>
  <suite name="CNN Automation Script " duration-ms="42363" started-at="2019-09-21T10:08:13 EDT" finished-at="2019-09-21T10:08:55 EDT">
    <groups>
    </groups>
    <test name="Cnn Home" duration-ms="42363" started-at="2019-09-21T10:08:13 EDT" finished-at="2019-09-21T10:08:55 EDT">
      <class name="home.TestNews">
        <test-method status="PASS" signature="setUp(java.lang.String)[pri:0, instance:home.TestNews@6cc4c815]" name="setUp" is-config="true" duration-ms="33396" started-at="2019-09-21T10:08:13 EDT" finished-at="2019-09-21T10:08:46 EDT">
          <params>
            <param index="0">
              <value>
                <![CDATA[https://www.cnn.com]]>
              </value>
            </param>
          </params>
          <reporter-output>
          </reporter-output>
        </test-method> <!-- setUp -->
        <test-method status="PASS" signature="test1()[pri:0, instance:home.TestNews@6cc4c815]" name="test1" duration-ms="5192" started-at="2019-09-21T10:08:46 EDT" finished-at="2019-09-21T10:08:51 EDT">
          <reporter-output>
          </reporter-output>
        </test-method> <!-- test1 -->
        <test-method status="PASS" signature="cleanUp()[pri:0, instance:home.TestNews@6cc4c815]" name="cleanUp" is-config="true" duration-ms="3739" started-at="2019-09-21T10:08:51 EDT" finished-at="2019-09-21T10:08:55 EDT">
          <reporter-output>
          </reporter-output>
        </test-method> <!-- cleanUp -->
      </class> <!-- home.TestNews -->
    </test> <!-- Cnn Home -->
  </suite> <!-- CNN Automation Script  -->
</testng-results>
